
  .   ____          _            __ _ _
 /\\ / ___'_ __ _ _(_)_ __  __ _ \ \ \ \
( ( )\___ | '_ | '_| | '_ \/ _` | \ \ \ \
 \\/  ___)| |_)| | | | | || (_| |  ) ) ) )
  '  |____| .__|_| |_|_| |_\__, | / / / /
 =========|_|==============|___/=/_/_/_/

 :: Spring Boot ::                (v4.0.1)

2026-01-07T11:34:58.263-05:00  INFO 16556 --- [           main] com.wecureit.WecureitApplication         : Starting WecureitApplication v0.0.1-SNAPSHOT using Java 21.0.8 with PID 16556 (/Users/vishrutharavi/Documents/wecureit/backend/target/wecureit-backend-0.0.1-SNAPSHOT.jar started by vishrutharavi in /Users/vishrutharavi/Documents/wecureit/backend)
2026-01-07T11:34:58.265-05:00  INFO 16556 --- [           main] com.wecureit.WecureitApplication         : No active profile set, falling back to 1 default profile: "default"
2026-01-07T11:34:58.515-05:00  INFO 16556 --- [           main] .s.d.r.c.RepositoryConfigurationDelegate : Bootstrapping Spring Data JPA repositories in DEFAULT mode.
2026-01-07T11:34:58.524-05:00  INFO 16556 --- [           main] .s.d.r.c.RepositoryConfigurationDelegate : Finished Spring Data repository scanning in 5 ms. Found 0 JPA repository interfaces.
2026-01-07T11:34:58.718-05:00  INFO 16556 --- [           main] o.s.boot.tomcat.TomcatWebServer          : Tomcat initialized with port 8080 (http)
2026-01-07T11:34:58.723-05:00  INFO 16556 --- [           main] o.apache.catalina.core.StandardService   : Starting service [Tomcat]
2026-01-07T11:34:58.723-05:00  INFO 16556 --- [           main] o.apache.catalina.core.StandardEngine    : Starting Servlet engine: [Apache Tomcat/11.0.15]
2026-01-07T11:34:58.733-05:00  INFO 16556 --- [           main] b.w.c.s.WebApplicationContextInitializer : Root WebApplicationContext: initialization completed in 442 ms
2026-01-07T11:34:58.797-05:00  INFO 16556 --- [           main] org.hibernate.orm.jpa                    : HHH008540: Processing PersistenceUnitInfo [name: default]
2026-01-07T11:34:58.819-05:00  INFO 16556 --- [           main] org.hibernate.orm.core                   : HHH000001: Hibernate ORM core version 7.2.0.Final
2026-01-07T11:34:59.000-05:00  INFO 16556 --- [           main] o.s.o.j.p.SpringPersistenceUnitInfo      : No LoadTimeWeaver setup: ignoring JPA class transformer
2026-01-07T11:34:59.013-05:00  INFO 16556 --- [           main] com.zaxxer.hikari.HikariDataSource       : HikariPool-1 - Starting...
2026-01-07T11:34:59.092-05:00  INFO 16556 --- [           main] com.zaxxer.hikari.pool.HikariPool        : HikariPool-1 - Added connection conn0: url=jdbc:h2:mem:wecureit user=SA
2026-01-07T11:34:59.092-05:00  INFO 16556 --- [           main] com.zaxxer.hikari.HikariDataSource       : HikariPool-1 - Start completed.
2026-01-07T11:34:59.112-05:00  INFO 16556 --- [           main] org.hibernate.orm.connections.pooling    : HHH10001005: Database info:
	Database JDBC URL [jdbc:h2:mem:wecureit]
	Database driver: H2 JDBC Driver
	Database dialect: H2Dialect
	Database version: 2.4.240
	Default catalog/schema: WECUREIT/PUBLIC
	Autocommit mode: undefined/unknown
	Isolation level: READ_COMMITTED [default READ_COMMITTED]
	JDBC fetch size: 100
	Pool: DataSourceConnectionProvider
	Minimum pool size: undefined/unknown
	Maximum pool size: undefined/unknown
2026-01-07T11:34:59.240-05:00  INFO 16556 --- [           main] org.hibernate.orm.core                   : HHH000489: No JTA platform available (set 'hibernate.transaction.jta.platform' to enable JTA platform integration)
2026-01-07T11:34:59.243-05:00  INFO 16556 --- [           main] j.LocalContainerEntityManagerFactoryBean : Initialized JPA EntityManagerFactory for persistence unit 'default'
2026-01-07T11:34:59.270-05:00  WARN 16556 --- [           main] JpaBaseConfiguration$JpaWebConfiguration : spring.jpa.open-in-view is enabled by default. Therefore, database queries may be performed during view rendering. Explicitly configure spring.jpa.open-in-view to disable this warning
2026-01-07T11:34:59.402-05:00  WARN 16556 --- [           main] .s.a.UserDetailsServiceAutoConfiguration : 

Using generated security password: 4daf4a50-5ee7-4333-809c-9a5b5dc48b65

This generated password is for development use only. Your security configuration must be updated before running your application in production.

2026-01-07T11:34:59.420-05:00  INFO 16556 --- [           main] r$InitializeUserDetailsManagerConfigurer : Global AuthenticationManager configured with UserDetailsService bean with name inMemoryUserDetailsManager
2026-01-07T11:34:59.491-05:00  INFO 16556 --- [           main] o.s.boot.tomcat.TomcatWebServer          : Tomcat started on port 8080 (http) with context path '/'
2026-01-07T11:34:59.497-05:00  INFO 16556 --- [           main] com.wecureit.WecureitApplication         : Started WecureitApplication in 1.395 seconds (process running for 1.62)
2026-01-07T12:34:46.652-05:00  INFO 16556 --- [ionShutdownHook] o.s.boot.tomcat.GracefulShutdown         : Commencing graceful shutdown. Waiting for active requests to complete
2026-01-07T12:34:46.688-05:00  INFO 16556 --- [tomcat-shutdown] o.s.boot.tomcat.GracefulShutdown         : Graceful shutdown complete
2026-01-07T12:34:46.705-05:00  INFO 16556 --- [ionShutdownHook] j.LocalContainerEntityManagerFactoryBean : Closing JPA EntityManagerFactory for persistence unit 'default'
2026-01-07T12:34:46.713-05:00  INFO 16556 --- [ionShutdownHook] com.zaxxer.hikari.HikariDataSource       : HikariPool-1 - Shutdown initiated...
2026-01-07T12:34:46.717-05:00  INFO 16556 --- [ionShutdownHook] com.zaxxer.hikari.HikariDataSource       : HikariPool-1 - Shutdown completed.
